============================================================================================== 
Warning! Mixing Conda and module environments may lead to corruption of the
user environment. 
We do not recommend users mixing those two environments unless absolutely
necessary. Note that 
SURF does not provide any support for Conda environment.
For more information, please refer to our software policy page:
https://servicedesk.surf.nl/wiki/display/WIKI/Software+policy+Snellius#SoftwarepolicySnellius-UseofAnacondaandMinicondaenvironmentsonSnellius 

Remember that many packages have already been installed on the system and can
be loaded using 
the 'module load <package__name>' command. If you are uncertain if a package is
already available 
on the system, please use 'module avail' or 'module spider' to search for it.
============================================================================================== 
Collecting allennlp==0.9.0
  Downloading allennlp-0.9.0-py3-none-any.whl (7.6 MB)
     ━━━━━━━━━━━━━━━━━━━━━━━━━━━━━━━━━━━━━━━━ 7.6/7.6 MB 66.5 MB/s eta 0:00:00
Collecting transformers==2.10.0
  Downloading transformers-2.10.0-py3-none-any.whl (660 kB)
     ━━━━━━━━━━━━━━━━━━━━━━━━━━━━━━━━━━━━━━ 660.2/660.2 kB 41.0 MB/s eta 0:00:00
Collecting numpy==1.17.2
  Downloading numpy-1.17.2-cp37-cp37m-manylinux1_x86_64.whl (20.3 MB)
     ━━━━━━━━━━━━━━━━━━━━━━━━━━━━━━━━━━━━━━━━ 20.3/20.3 MB 18.7 MB/s eta 0:00:00
Collecting scikit-learn==0.21.3
  Downloading scikit_learn-0.21.3-cp37-cp37m-manylinux1_x86_64.whl (6.7 MB)
     ━━━━━━━━━━━━━━━━━━━━━━━━━━━━━━━━━━━━━━━━ 6.7/6.7 MB 78.1 MB/s eta 0:00:00
Collecting seqeval==0.0.12
  Downloading seqeval-0.0.12.tar.gz (21 kB)
  Preparing metadata (setup.py): started
  Preparing metadata (setup.py): finished with status 'done'
Collecting textblob==0.15.3
  Downloading textblob-0.15.3-py2.py3-none-any.whl (636 kB)
     ━━━━━━━━━━━━━━━━━━━━━━━━━━━━━━━━━━━━━━ 636.5/636.5 kB 39.1 MB/s eta 0:00:00
Requirement already satisfied: torch==1.2.0 in /gpfs/home3/scur0395/.conda/envs/biases/lib/python3.7/site-packages (from -r EquiNLG/nlg-bias-master/requirements.txt (line 7)) (1.2.0)
Collecting vaderSentiment==3.2.1
  Downloading vaderSentiment-3.2.1-py2.py3-none-any.whl (125 kB)
     ━━━━━━━━━━━━━━━━━━━━━━━━━━━━━━━━━━━━━━ 125.8/125.8 kB 16.1 MB/s eta 0:00:00
Collecting numpydoc>=0.8.0
  Downloading numpydoc-1.5.0-py3-none-any.whl (52 kB)
     ━━━━━━━━━━━━━━━━━━━━━━━━━━━━━━━━━━━━━━━━ 52.4/52.4 kB 7.1 MB/s eta 0:00:00
Collecting h5py
  Downloading h5py-3.8.0-cp37-cp37m-manylinux_2_17_x86_64.manylinux2014_x86_64.whl (4.3 MB)
     ━━━━━━━━━━━━━━━━━━━━━━━━━━━━━━━━━━━━━━━━ 4.3/4.3 MB 66.6 MB/s eta 0:00:00
Collecting responses>=0.7
  Downloading responses-0.23.3-py3-none-any.whl (52 kB)
     ━━━━━━━━━━━━━━━━━━━━━━━━━━━━━━━━━━━━━━━━ 52.7/52.7 kB 6.9 MB/s eta 0:00:00
Collecting tqdm>=4.19
  Downloading tqdm-4.66.4-py3-none-any.whl (78 kB)
     ━━━━━━━━━━━━━━━━━━━━━━━━━━━━━━━━━━━━━━━━ 78.3/78.3 kB 10.3 MB/s eta 0:00:00
Collecting unidecode
  Downloading Unidecode-1.3.8-py3-none-any.whl (235 kB)
     ━━━━━━━━━━━━━━━━━━━━━━━━━━━━━━━━━━━━━━ 235.5/235.5 kB 26.9 MB/s eta 0:00:00
Collecting ftfy
  Using cached ftfy-6.1.1-py3-none-any.whl (53 kB)
Collecting pytorch-transformers==1.1.0
  Downloading pytorch_transformers-1.1.0-py3-none-any.whl (158 kB)
     ━━━━━━━━━━━━━━━━━━━━━━━━━━━━━━━━━━━━━━ 158.1/158.1 kB 21.3 MB/s eta 0:00:00
Collecting matplotlib>=2.2.3
  Downloading matplotlib-3.5.3-cp37-cp37m-manylinux_2_5_x86_64.manylinux1_x86_64.whl (11.2 MB)
     ━━━━━━━━━━━━━━━━━━━━━━━━━━━━━━━━━━━━━━━━ 11.2/11.2 MB 74.6 MB/s eta 0:00:00
Collecting flask>=1.0.2
  Downloading Flask-2.2.5-py3-none-any.whl (101 kB)
     ━━━━━━━━━━━━━━━━━━━━━━━━━━━━━━━━━━━━━━ 101.8/101.8 kB 13.4 MB/s eta 0:00:00
Collecting nltk
  Downloading nltk-3.8.1-py3-none-any.whl (1.5 MB)
     ━━━━━━━━━━━━━━━━━━━━━━━━━━━━━━━━━━━━━━━━ 1.5/1.5 MB 61.1 MB/s eta 0:00:00
Collecting conllu==1.3.1
  Downloading conllu-1.3.1-py2.py3-none-any.whl (9.3 kB)
Collecting tensorboardX>=1.2
  Downloading tensorboardX-2.6.2.2-py2.py3-none-any.whl (101 kB)
     ━━━━━━━━━━━━━━━━━━━━━━━━━━━━━━━━━━━━━━ 101.7/101.7 kB 12.7 MB/s eta 0:00:00
Collecting jsonnet>=0.10.0
  Downloading jsonnet-0.20.0.tar.gz (594 kB)
     ━━━━━━━━━━━━━━━━━━━━━━━━━━━━━━━━━━━━━━ 594.2/594.2 kB 46.4 MB/s eta 0:00:00
  Preparing metadata (setup.py): started
  Preparing metadata (setup.py): finished with status 'done'
Collecting flask-cors>=3.0.7
  Downloading Flask_Cors-4.0.1-py2.py3-none-any.whl (14 kB)
Collecting overrides
  Downloading overrides-7.7.0-py3-none-any.whl (17 kB)
Collecting pytest
  Downloading pytest-7.4.4-py3-none-any.whl (325 kB)
     ━━━━━━━━━━━━━━━━━━━━━━━━━━━━━━━━━━━━━━ 325.3/325.3 kB 29.9 MB/s eta 0:00:00
Collecting requests>=2.18
  Downloading requests-2.31.0-py3-none-any.whl (62 kB)
     ━━━━━━━━━━━━━━━━━━━━━━━━━━━━━━━━━━━━━━━━ 62.6/62.6 kB 9.4 MB/s eta 0:00:00
Collecting parsimonious>=0.8.0
  Downloading parsimonious-0.10.0-py3-none-any.whl (48 kB)
     ━━━━━━━━━━━━━━━━━━━━━━━━━━━━━━━━━━━━━━━━ 48.4/48.4 kB 6.5 MB/s eta 0:00:00
Collecting pytz>=2017.3
  Downloading pytz-2024.1-py2.py3-none-any.whl (505 kB)
     ━━━━━━━━━━━━━━━━━━━━━━━━━━━━━━━━━━━━━━ 505.5/505.5 kB 42.3 MB/s eta 0:00:00
Collecting flaky
  Downloading flaky-3.8.1-py2.py3-none-any.whl (19 kB)
Collecting sqlparse>=0.2.4
  Downloading sqlparse-0.4.4-py3-none-any.whl (41 kB)
     ━━━━━━━━━━━━━━━━━━━━━━━━━━━━━━━━━━━━━━━━ 41.2/41.2 kB 4.9 MB/s eta 0:00:00
Collecting boto3
  Downloading boto3-1.33.13-py3-none-any.whl (139 kB)
     ━━━━━━━━━━━━━━━━━━━━━━━━━━━━━━━━━━━━━━ 139.3/139.3 kB 17.5 MB/s eta 0:00:00
Collecting gevent>=1.3.6
  Downloading gevent-22.10.2-cp37-cp37m-manylinux_2_17_x86_64.manylinux2014_x86_64.whl (6.0 MB)
     ━━━━━━━━━━━━━━━━━━━━━━━━━━━━━━━━━━━━━━━━ 6.0/6.0 MB 68.7 MB/s eta 0:00:00
Collecting spacy<2.2,>=2.1.0
  Downloading spacy-2.1.9-cp37-cp37m-manylinux1_x86_64.whl (30.8 MB)
     ━━━━━━━━━━━━━━━━━━━━━━━━━━━━━━━━━━━━━━━━ 30.8/30.8 MB 6.8 MB/s eta 0:00:00
Collecting editdistance
  Downloading editdistance-0.6.2-cp37-cp37m-manylinux_2_17_x86_64.manylinux2014_x86_64.whl (282 kB)
     ━━━━━━━━━━━━━━━━━━━━━━━━━━━━━━━━━━━━━━ 282.6/282.6 kB 29.8 MB/s eta 0:00:00
Collecting scipy
  Downloading scipy-1.7.3-cp37-cp37m-manylinux_2_12_x86_64.manylinux2010_x86_64.whl (38.1 MB)
     ━━━━━━━━━━━━━━━━━━━━━━━━━━━━━━━━━━━━━━━━ 38.1/38.1 MB 32.6 MB/s eta 0:00:00
Collecting word2number>=1.1
  Downloading word2number-1.1.zip (9.7 kB)
  Preparing metadata (setup.py): started
  Preparing metadata (setup.py): finished with status 'done'
Collecting jsonpickle
  Downloading jsonpickle-3.0.4-py3-none-any.whl (39 kB)
Collecting pytorch-pretrained-bert>=0.6.0
  Downloading pytorch_pretrained_bert-0.6.2-py3-none-any.whl (123 kB)
     ━━━━━━━━━━━━━━━━━━━━━━━━━━━━━━━━━━━━━━ 123.8/123.8 kB 15.6 MB/s eta 0:00:00
Collecting filelock
  Downloading filelock-3.12.2-py3-none-any.whl (10 kB)
Collecting regex!=2019.12.17
  Downloading regex-2024.4.16-cp37-cp37m-manylinux_2_17_x86_64.manylinux2014_x86_64.whl (761 kB)
     ━━━━━━━━━━━━━━━━━━━━━━━━━━━━━━━━━━━━━━ 761.6/761.6 kB 46.1 MB/s eta 0:00:00
Collecting sacremoses
  Downloading sacremoses-0.0.53.tar.gz (880 kB)
     ━━━━━━━━━━━━━━━━━━━━━━━━━━━━━━━━━━━━━━ 880.6/880.6 kB 52.5 MB/s eta 0:00:00
  Preparing metadata (setup.py): started
  Preparing metadata (setup.py): finished with status 'done'
Collecting sentencepiece
  Downloading sentencepiece-0.2.0-cp37-cp37m-manylinux_2_17_x86_64.manylinux2014_x86_64.whl (1.3 MB)
     ━━━━━━━━━━━━━━━━━━━━━━━━━━━━━━━━━━━━━━━━ 1.3/1.3 MB 42.3 MB/s eta 0:00:00
Collecting tokenizers==0.7.0
  Downloading tokenizers-0.7.0-cp37-cp37m-manylinux1_x86_64.whl (5.6 MB)
     ━━━━━━━━━━━━━━━━━━━━━━━━━━━━━━━━━━━━━━━━ 5.6/5.6 MB 10.2 MB/s eta 0:00:00
Collecting joblib>=0.11
  Downloading joblib-1.3.2-py3-none-any.whl (302 kB)
     ━━━━━━━━━━━━━━━━━━━━━━━━━━━━━━━━━━━━━━━ 302.2/302.2 kB 4.3 MB/s eta 0:00:00
Collecting Keras>=2.2.4
  Downloading keras-2.11.0-py2.py3-none-any.whl (1.7 MB)
     ━━━━━━━━━━━━━━━━━━━━━━━━━━━━━━━━━━━━━━━━ 1.7/1.7 MB 60.3 MB/s eta 0:00:00
Collecting click>=8.0
  Downloading click-8.1.7-py3-none-any.whl (97 kB)
     ━━━━━━━━━━━━━━━━━━━━━━━━━━━━━━━━━━━━━━━━ 97.9/97.9 kB 11.0 MB/s eta 0:00:00
Collecting importlib-metadata>=3.6.0
  Using cached importlib_metadata-6.7.0-py3-none-any.whl (22 kB)
Collecting Werkzeug>=2.2.2
  Downloading Werkzeug-2.2.3-py3-none-any.whl (233 kB)
     ━━━━━━━━━━━━━━━━━━━━━━━━━━━━━━━━━━━━━━ 233.6/233.6 kB 25.3 MB/s eta 0:00:00
Collecting Jinja2>=3.0
  Downloading jinja2-3.1.4-py3-none-any.whl (133 kB)
     ━━━━━━━━━━━━━━━━━━━━━━━━━━━━━━━━━━━━━━ 133.3/133.3 kB 14.5 MB/s eta 0:00:00
Collecting itsdangerous>=2.0
  Downloading itsdangerous-2.1.2-py3-none-any.whl (15 kB)
Collecting greenlet>=2.0.0
  Downloading greenlet-3.0.3-cp37-cp37m-manylinux_2_24_x86_64.manylinux_2_28_x86_64.whl (574 kB)
     ━━━━━━━━━━━━━━━━━━━━━━━━━━━━━━━━━━━━━━ 574.0/574.0 kB 38.6 MB/s eta 0:00:00
Collecting zope.interface
  Downloading zope.interface-6.4-cp37-cp37m-manylinux_2_5_x86_64.manylinux1_x86_64.manylinux_2_17_x86_64.manylinux2014_x86_64.whl (242 kB)
     ━━━━━━━━━━━━━━━━━━━━━━━━━━━━━━━━━━━━━━ 242.1/242.1 kB 23.1 MB/s eta 0:00:00
Collecting zope.event
  Downloading zope.event-5.0-py3-none-any.whl (6.8 kB)
Requirement already satisfied: setuptools in /gpfs/home3/scur0395/.conda/envs/biases/lib/python3.7/site-packages (from gevent>=1.3.6->allennlp==0.9.0->-r EquiNLG/nlg-bias-master/requirements.txt (line 1)) (65.6.3)
Collecting python-dateutil>=2.7
  Downloading python_dateutil-2.9.0.post0-py2.py3-none-any.whl (229 kB)
     ━━━━━━━━━━━━━━━━━━━━━━━━━━━━━━━━━━━━━━ 229.9/229.9 kB 21.4 MB/s eta 0:00:00
Collecting pyparsing>=2.2.1
  Downloading pyparsing-3.1.2-py3-none-any.whl (103 kB)
     ━━━━━━━━━━━━━━━━━━━━━━━━━━━━━━━━━━━━━━━ 103.2/103.2 kB 3.8 MB/s eta 0:00:00
Collecting fonttools>=4.22.0
  Downloading fonttools-4.38.0-py3-none-any.whl (965 kB)
     ━━━━━━━━━━━━━━━━━━━━━━━━━━━━━━━━━━━━━━ 965.4/965.4 kB 46.9 MB/s eta 0:00:00
Collecting packaging>=20.0
  Using cached packaging-24.0-py3-none-any.whl (53 kB)
Collecting pillow>=6.2.0
  Downloading Pillow-9.5.0-cp37-cp37m-manylinux_2_28_x86_64.whl (3.4 MB)
     ━━━━━━━━━━━━━━━━━━━━━━━━━━━━━━━━━━━━━━━━ 3.4/3.4 MB 45.1 MB/s eta 0:00:00
Collecting kiwisolver>=1.0.1
  Downloading kiwisolver-1.4.5-cp37-cp37m-manylinux_2_5_x86_64.manylinux1_x86_64.whl (1.1 MB)
     ━━━━━━━━━━━━━━━━━━━━━━━━━━━━━━━━━━━━━━━━ 1.1/1.1 MB 37.5 MB/s eta 0:00:00
Collecting cycler>=0.10
  Downloading cycler-0.11.0-py3-none-any.whl (6.4 kB)
Collecting sphinx>=4.2
  Downloading sphinx-5.3.0-py3-none-any.whl (3.2 MB)
     ━━━━━━━━━━━━━━━━━━━━━━━━━━━━━━━━━━━━━━━━ 3.2/3.2 MB 64.7 MB/s eta 0:00:00
Collecting charset-normalizer<4,>=2
  Downloading charset_normalizer-3.3.2-cp37-cp37m-manylinux_2_17_x86_64.manylinux2014_x86_64.whl (136 kB)
     ━━━━━━━━━━━━━━━━━━━━━━━━━━━━━━━━━━━━━━ 136.8/136.8 kB 11.1 MB/s eta 0:00:00
Requirement already satisfied: certifi>=2017.4.17 in /gpfs/home3/scur0395/.conda/envs/biases/lib/python3.7/site-packages (from requests>=2.18->allennlp==0.9.0->-r EquiNLG/nlg-bias-master/requirements.txt (line 1)) (2022.12.7)
Collecting urllib3<3,>=1.21.1
  Downloading urllib3-2.0.7-py3-none-any.whl (124 kB)
     ━━━━━━━━━━━━━━━━━━━━━━━━━━━━━━━━━━━━━━ 124.2/124.2 kB 15.7 MB/s eta 0:00:00
Collecting idna<4,>=2.5
  Downloading idna-3.7-py3-none-any.whl (66 kB)
     ━━━━━━━━━━━━━━━━━━━━━━━━━━━━━━━━━━━━━━━━ 66.8/66.8 kB 10.1 MB/s eta 0:00:00
Collecting typing-extensions
  Using cached typing_extensions-4.7.1-py3-none-any.whl (33 kB)
Collecting pyyaml
  Downloading PyYAML-6.0.1-cp37-cp37m-manylinux_2_17_x86_64.manylinux2014_x86_64.whl (670 kB)
     ━━━━━━━━━━━━━━━━━━━━━━━━━━━━━━━━━━━━━━━ 670.1/670.1 kB 2.9 MB/s eta 0:00:00
Collecting types-PyYAML
  Downloading types_PyYAML-6.0.12.12-py3-none-any.whl (14 kB)
Collecting cymem<2.1.0,>=2.0.2
  Downloading cymem-2.0.8-cp37-cp37m-manylinux_2_17_x86_64.manylinux2014_x86_64.whl (46 kB)
     ━━━━━━━━━━━━━━━━━━━━━━━━━━━━━━━━━━━━━━━━ 46.7/46.7 kB 7.0 MB/s eta 0:00:00
Collecting wasabi<1.1.0,>=0.2.0
  Downloading wasabi-0.10.1-py3-none-any.whl (26 kB)
Collecting murmurhash<1.1.0,>=0.28.0
  Downloading murmurhash-1.0.10-cp37-cp37m-manylinux_2_5_x86_64.manylinux1_x86_64.manylinux_2_17_x86_64.manylinux2014_x86_64.whl (28 kB)
Collecting srsly<1.1.0,>=0.0.6
  Downloading srsly-1.0.7-cp37-cp37m-manylinux_2_17_x86_64.manylinux2014_x86_64.whl (367 kB)
     ━━━━━━━━━━━━━━━━━━━━━━━━━━━━━━━━━━━━━━ 368.0/368.0 kB 33.2 MB/s eta 0:00:00
Collecting preshed<2.1.0,>=2.0.1
  Downloading preshed-2.0.1-cp37-cp37m-manylinux1_x86_64.whl (82 kB)
     ━━━━━━━━━━━━━━━━━━━━━━━━━━━━━━━━━━━━━━━━ 82.2/82.2 kB 12.3 MB/s eta 0:00:00
Collecting blis<0.3.0,>=0.2.2
  Downloading blis-0.2.4-cp37-cp37m-manylinux1_x86_64.whl (3.2 MB)
     ━━━━━━━━━━━━━━━━━━━━━━━━━━━━━━━━━━━━━━━━ 3.2/3.2 MB 42.7 MB/s eta 0:00:00
Collecting thinc<7.1.0,>=7.0.8
  Downloading thinc-7.0.8-cp37-cp37m-manylinux1_x86_64.whl (2.1 MB)
     ━━━━━━━━━━━━━━━━━━━━━━━━━━━━━━━━━━━━━━━━ 2.1/2.1 MB 40.0 MB/s eta 0:00:00
Collecting plac<1.0.0,>=0.9.6
  Downloading plac-0.9.6-py2.py3-none-any.whl (20 kB)
Collecting protobuf>=3.20
  Downloading protobuf-4.24.4-cp37-abi3-manylinux2014_x86_64.whl (311 kB)
     ━━━━━━━━━━━━━━━━━━━━━━━━━━━━━━━━━━━━━━ 311.6/311.6 kB 28.7 MB/s eta 0:00:00
Collecting s3transfer<0.9.0,>=0.8.2
  Downloading s3transfer-0.8.2-py3-none-any.whl (82 kB)
     ━━━━━━━━━━━━━━━━━━━━━━━━━━━━━━━━━━━━━━━━ 82.0/82.0 kB 11.0 MB/s eta 0:00:00
Collecting jmespath<2.0.0,>=0.7.1
  Downloading jmespath-1.0.1-py3-none-any.whl (20 kB)
Collecting botocore<1.34.0,>=1.33.13
  Downloading botocore-1.33.13-py3-none-any.whl (11.8 MB)
     ━━━━━━━━━━━━━━━━━━━━━━━━━━━━━━━━━━━━━━━━ 11.8/11.8 MB 65.3 MB/s eta 0:00:00
Collecting wcwidth>=0.2.5
  Downloading wcwidth-0.2.13-py2.py3-none-any.whl (34 kB)
Collecting exceptiongroup>=1.0.0rc8
  Downloading exceptiongroup-1.2.1-py3-none-any.whl (16 kB)
Collecting pluggy<2.0,>=0.12
  Downloading pluggy-1.2.0-py3-none-any.whl (17 kB)
Collecting tomli>=1.0.0
  Using cached tomli-2.0.1-py3-none-any.whl (12 kB)
Collecting iniconfig
  Downloading iniconfig-2.0.0-py3-none-any.whl (5.9 kB)
Requirement already satisfied: six in /gpfs/home3/scur0395/.conda/envs/biases/lib/python3.7/site-packages (from sacremoses->transformers==2.10.0->-r EquiNLG/nlg-bias-master/requirements.txt (line 2)) (1.16.0)
Collecting urllib3<3,>=1.21.1
  Downloading urllib3-1.26.18-py2.py3-none-any.whl (143 kB)
     ━━━━━━━━━━━━━━━━━━━━━━━━━━━━━━━━━━━━━━ 143.8/143.8 kB 17.9 MB/s eta 0:00:00
Collecting zipp>=0.5
  Using cached zipp-3.15.0-py3-none-any.whl (6.8 kB)
Collecting MarkupSafe>=2.0
  Downloading MarkupSafe-2.1.5-cp37-cp37m-manylinux_2_17_x86_64.manylinux2014_x86_64.whl (25 kB)
Collecting babel>=2.9
  Downloading Babel-2.14.0-py3-none-any.whl (11.0 MB)
     ━━━━━━━━━━━━━━━━━━━━━━━━━━━━━━━━━━━━━━━━ 11.0/11.0 MB 76.7 MB/s eta 0:00:00
Collecting alabaster<0.8,>=0.7
  Downloading alabaster-0.7.13-py3-none-any.whl (13 kB)
Collecting sphinxcontrib-devhelp
  Downloading sphinxcontrib_devhelp-1.0.2-py2.py3-none-any.whl (84 kB)
     ━━━━━━━━━━━━━━━━━━━━━━━━━━━━━━━━━━━━━━━━ 84.7/84.7 kB 5.9 MB/s eta 0:00:00
Collecting imagesize>=1.3
  Downloading imagesize-1.4.1-py2.py3-none-any.whl (8.8 kB)
Collecting sphinxcontrib-qthelp
  Downloading sphinxcontrib_qthelp-1.0.3-py2.py3-none-any.whl (90 kB)
     ━━━━━━━━━━━━━━━━━━━━━━━━━━━━━━━━━━━━━━━━ 90.6/90.6 kB 12.7 MB/s eta 0:00:00
Collecting sphinxcontrib-htmlhelp>=2.0.0
  Downloading sphinxcontrib_htmlhelp-2.0.0-py2.py3-none-any.whl (100 kB)
     ━━━━━━━━━━━━━━━━━━━━━━━━━━━━━━━━━━━━━━ 100.5/100.5 kB 10.1 MB/s eta 0:00:00
Collecting sphinxcontrib-jsmath
  Downloading sphinxcontrib_jsmath-1.0.1-py2.py3-none-any.whl (5.1 kB)
Collecting sphinxcontrib-applehelp
  Downloading sphinxcontrib_applehelp-1.0.2-py2.py3-none-any.whl (121 kB)
     ━━━━━━━━━━━━━━━━━━━━━━━━━━━━━━━━━━━━━━ 121.2/121.2 kB 17.2 MB/s eta 0:00:00
Collecting docutils<0.20,>=0.14
  Downloading docutils-0.19-py3-none-any.whl (570 kB)
     ━━━━━━━━━━━━━━━━━━━━━━━━━━━━━━━━━━━━━━ 570.5/570.5 kB 41.8 MB/s eta 0:00:00
Collecting snowballstemmer>=2.0
  Downloading snowballstemmer-2.2.0-py2.py3-none-any.whl (93 kB)
     ━━━━━━━━━━━━━━━━━━━━━━━━━━━━━━━━━━━━━━━━ 93.0/93.0 kB 13.1 MB/s eta 0:00:00
Collecting Pygments>=2.12
  Downloading pygments-2.17.2-py3-none-any.whl (1.2 MB)
     ━━━━━━━━━━━━━━━━━━━━━━━━━━━━━━━━━━━━━━━━ 1.2/1.2 MB 54.9 MB/s eta 0:00:00
Collecting sphinxcontrib-serializinghtml>=1.1.5
  Downloading sphinxcontrib_serializinghtml-1.1.5-py2.py3-none-any.whl (94 kB)
     ━━━━━━━━━━━━━━━━━━━━━━━━━━━━━━━━━━━━━━━━ 94.0/94.0 kB 10.3 MB/s eta 0:00:00
Building wheels for collected packages: seqeval, jsonnet, word2number, sacremoses
  Building wheel for seqeval (setup.py): started
  Building wheel for seqeval (setup.py): finished with status 'done'
  Created wheel for seqeval: filename=seqeval-0.0.12-py3-none-any.whl size=7418 sha256=d3a65995c4da74b18719458d21118ea298bc3ca2517a324ee69dac90e343f779
  Stored in directory: /gpfs/home3/scur0395/.cache/pip/wheels/b5/7c/0b/d893d4231077af17a32bdf92ec3c735a7107ec61614377d0c3
  Building wheel for jsonnet (setup.py): started
  Building wheel for jsonnet (setup.py): still running...
  Building wheel for jsonnet (setup.py): still running...
  Building wheel for jsonnet (setup.py): finished with status 'done'
  Created wheel for jsonnet: filename=jsonnet-0.20.0-cp37-cp37m-linux_x86_64.whl size=6049985 sha256=380f2179e0c8a27da6e6cd9af973feed1b768ad143a71371365dde4faa82d950
  Stored in directory: /gpfs/home3/scur0395/.cache/pip/wheels/ff/05/53/51f8d7585f88cccd2936b5eac5f30f92a35d8b5869c0258217
  Building wheel for word2number (setup.py): started
  Building wheel for word2number (setup.py): finished with status 'done'
  Created wheel for word2number: filename=word2number-1.1-py3-none-any.whl size=5566 sha256=d07aeafef771c776fe68463ed5b2d27d9765b4b7093fa0d12318698789690cfb
  Stored in directory: /gpfs/home3/scur0395/.cache/pip/wheels/0e/e1/0b/575d02bdf2c7ff9c9be5490db69e8d4e2e26b5523e295137eb
  Building wheel for sacremoses (setup.py): started
  Building wheel for sacremoses (setup.py): finished with status 'done'
  Created wheel for sacremoses: filename=sacremoses-0.0.53-py3-none-any.whl size=895241 sha256=a4cbf19a460e65fc1f3481b0eadf2830a8bc1157840a74dba14d87cae5266f2c
  Stored in directory: /gpfs/home3/scur0395/.cache/pip/wheels/5b/e0/77/05245143a5b31f65af6a21f7afd3219e9fa4896f918af45677
Successfully built seqeval jsonnet word2number sacremoses
Installing collected packages: word2number, wcwidth, wasabi, vaderSentiment, types-PyYAML, tokenizers, snowballstemmer, sentencepiece, pytz, plac, jsonnet, cymem, conllu, zope.interface, zope.event, zipp, urllib3, unidecode, typing-extensions, tqdm, tomli, srsly, sqlparse, sphinxcontrib-serializinghtml, sphinxcontrib-qthelp, sphinxcontrib-jsmath, sphinxcontrib-htmlhelp, sphinxcontrib-devhelp, sphinxcontrib-applehelp, regex, pyyaml, python-dateutil, pyparsing, Pygments, protobuf, preshed, pillow, packaging, overrides, numpy, murmurhash, MarkupSafe, Keras, joblib, jmespath, itsdangerous, iniconfig, imagesize, idna, greenlet, ftfy, fonttools, flaky, filelock, exceptiongroup, editdistance, docutils, cycler, charset-normalizer, babel, alabaster, Werkzeug, tensorboardX, seqeval, scipy, requests, parsimonious, kiwisolver, Jinja2, importlib-metadata, h5py, gevent, botocore, blis, thinc, sphinx, scikit-learn, s3transfer, responses, pluggy, matplotlib, jsonpickle, click, spacy, sacremoses, pytest, numpydoc, nltk, flask, boto3, transformers, textblob, pytorch-transformers, pytorch-pretrained-bert, flask-cors, allennlp
  Attempting uninstall: numpy
    Found existing installation: numpy 1.19.2
    Uninstalling numpy-1.19.2:
      Successfully uninstalled numpy-1.19.2
Successfully installed Jinja2-3.1.4 Keras-2.11.0 MarkupSafe-2.1.5 Pygments-2.17.2 Werkzeug-2.2.3 alabaster-0.7.13 allennlp-0.9.0 babel-2.14.0 blis-0.2.4 boto3-1.33.13 botocore-1.33.13 charset-normalizer-3.3.2 click-8.1.7 conllu-1.3.1 cycler-0.11.0 cymem-2.0.8 docutils-0.19 editdistance-0.6.2 exceptiongroup-1.2.1 filelock-3.12.2 flaky-3.8.1 flask-2.2.5 flask-cors-4.0.1 fonttools-4.38.0 ftfy-6.1.1 gevent-22.10.2 greenlet-3.0.3 h5py-3.8.0 idna-3.7 imagesize-1.4.1 importlib-metadata-6.7.0 iniconfig-2.0.0 itsdangerous-2.1.2 jmespath-1.0.1 joblib-1.3.2 jsonnet-0.20.0 jsonpickle-3.0.4 kiwisolver-1.4.5 matplotlib-3.5.3 murmurhash-1.0.10 nltk-3.8.1 numpy-1.17.2 numpydoc-1.5.0 overrides-7.7.0 packaging-24.0 parsimonious-0.10.0 pillow-9.5.0 plac-0.9.6 pluggy-1.2.0 preshed-2.0.1 protobuf-4.24.4 pyparsing-3.1.2 pytest-7.4.4 python-dateutil-2.9.0.post0 pytorch-pretrained-bert-0.6.2 pytorch-transformers-1.1.0 pytz-2024.1 pyyaml-6.0.1 regex-2024.4.16 requests-2.31.0 responses-0.23.3 s3transfer-0.8.2 sacremoses-0.0.53 scikit-learn-0.21.3 scipy-1.7.3 sentencepiece-0.2.0 seqeval-0.0.12 snowballstemmer-2.2.0 spacy-2.1.9 sphinx-5.3.0 sphinxcontrib-applehelp-1.0.2 sphinxcontrib-devhelp-1.0.2 sphinxcontrib-htmlhelp-2.0.0 sphinxcontrib-jsmath-1.0.1 sphinxcontrib-qthelp-1.0.3 sphinxcontrib-serializinghtml-1.1.5 sqlparse-0.4.4 srsly-1.0.7 tensorboardX-2.6.2.2 textblob-0.15.3 thinc-7.0.8 tokenizers-0.7.0 tomli-2.0.1 tqdm-4.66.4 transformers-2.10.0 types-PyYAML-6.0.12.12 typing-extensions-4.7.1 unidecode-1.3.8 urllib3-1.26.18 vaderSentiment-3.2.1 wasabi-0.10.1 wcwidth-0.2.13 word2number-1.1 zipp-3.15.0 zope.event-5.0 zope.interface-6.4

JOB STATISTICS
==============
Job ID: 6268922
Cluster: snellius
User/Group: scur0395/scur0395
State: COMPLETED (exit code 0)
Nodes: 1
Cores per node: 18
CPU Utilized: 00:04:58
CPU Efficiency: 4.69% of 01:45:54 core-walltime
Job Wall-clock time: 00:05:53
Memory Utilized: 1.63 GB
Memory Efficiency: 1.36% of 120.00 GB
